2015-11-12 21:24:28 SendBufferToWorker fail. The connections between Gateway and BusinessWorker are not ready
2015-11-12 21:24:28 SendBufferToWorker fail. The connections between Gateway and BusinessWorker are not ready
2015-11-12 21:24:28 SendBufferToWorker fail. The connections between Gateway and BusinessWorker are not ready
2015-11-12 21:24:28 SendBufferToWorker fail. The connections between Gateway and BusinessWorker are not ready
2015-11-12 21:24:31 SendBufferToWorker fail. The connections between Gateway and BusinessWorker are not ready
2015-11-12 21:24:31 SendBufferToWorker fail. The connections between Gateway and BusinessWorker are not ready
2015-11-12 21:24:32 SendBufferToWorker fail. The connections between Gateway and BusinessWorker are not ready
2015-11-12 21:24:32 SendBufferToWorker fail. The connections between Gateway and BusinessWorker are not ready
2016-07-25 10:46:31 exception 'Exception' with message '$_SESSION['room_id'] not set. client_ip:127.0.0.1' in D:\phpStudy\WWW\talk\workerman-chat-for-win-master\Applications\Chat\Events.php:91
Stack trace:
#0 [internal function]: Events::onMessage('7f00000108fc000...', '{"type":"say","...')
#1 D:\phpStudy\WWW\talk\workerman-chat-for-win-master\GatewayWorker\BusinessWorker.php(360): call_user_func('Events::onMessa...', '7f00000108fc000...', '{"type":"say","...')
#2 [internal function]: GatewayWorker\BusinessWorker->onGatewayMessage(Object(Workerman\Connection\AsyncTcpConnection), Array)
#3 D:\phpStudy\WWW\talk\workerman-chat-for-win-master\Workerman\Connection\TcpConnection.php(423): call_user_func(Array, Object(Workerman\Connection\AsyncTcpConnection), Array)
#4 [internal function]: Workerman\Connection\TcpConnection->baseRead(Resource id #25)
#5 D:\phpStudy\WWW\talk\workerman-chat-for-win-master\Workerman\Events\Select.php(257): call_user_func_array(Array, Array)
#6 D:\phpStudy\WWW\talk\workerman-chat-for-win-master\Workerman\Worker.php(745): Workerman\Events\Select->loop()
#7 D:\phpStudy\WWW\talk\workerman-chat-for-win-master\GatewayWorker\BusinessWorker.php(174): Workerman\Worker->run()
#8 D:\phpStudy\WWW\talk\workerman-chat-for-win-master\Workerman\Worker.php(433): GatewayWorker\BusinessWorker->run()
#9 D:\phpStudy\WWW\talk\workerman-chat-for-win-master\Workerman\Worker.php(346): Workerman\Worker::runAllWorkers()
#10 D:\phpStudy\WWW\talk\workerman-chat-for-win-master\Applications\Chat\start_businessworker.php(34): Workerman\Worker::runAll()
#11 {main}
2016-07-25 11:09:11 SendBufferToWorker fail. The connections between Gateway and BusinessWorker are not ready
2016-07-25 11:09:11 SendBufferToWorker fail. The connections between Gateway and BusinessWorker are not ready
2016-07-25 11:09:11 SendBufferToWorker fail. The connections between Gateway and BusinessWorker are not ready
2016-07-25 11:09:11 SendBufferToWorker fail. The connections between Gateway and BusinessWorker are not ready
2016-07-25 11:09:11 SendBufferToWorker fail. The connections between Gateway and BusinessWorker are not ready
2016-07-25 11:09:11 SendBufferToWorker fail. The connections between Gateway and BusinessWorker are not ready
2016-07-25 11:09:11 SendBufferToWorker fail. The connections between Gateway and BusinessWorker are not ready
2016-07-25 11:09:11 SendBufferToWorker fail. The connections between Gateway and BusinessWorker are not ready
2016-07-25 11:09:11 SendBufferToWorker fail. The connections between Gateway and BusinessWorker are not ready
2016-07-25 11:09:11 SendBufferToWorker fail. The connections between Gateway and BusinessWorker are not ready
2016-07-25 11:09:12 SendBufferToWorker fail. The connections between Gateway and BusinessWorker are not ready
2016-07-25 11:09:12 SendBufferToWorker fail. The connections between Gateway and BusinessWorker are not ready
2016-07-25 11:09:12 SendBufferToWorker fail. The connections between Gateway and BusinessWorker are not ready
2016-07-25 11:09:12 SendBufferToWorker fail. The connections between Gateway and BusinessWorker are not ready
2016-07-25 11:09:13 SendBufferToWorker fail. The connections between Gateway and BusinessWorker are not ready
2016-07-25 11:09:13 SendBufferToWorker fail. The connections between Gateway and BusinessWorker are not ready
2016-07-25 11:09:13 SendBufferToWorker fail. The connections between Gateway and BusinessWorker are not ready
2016-07-25 11:09:13 SendBufferToWorker fail. The connections between Gateway and BusinessWorker are not ready
2016-07-25 11:09:14 SendBufferToWorker fail. The connections between Gateway and BusinessWorker are not ready
2016-07-25 11:09:14 SendBufferToWorker fail. The connections between Gateway and BusinessWorker are not ready
2016-07-25 11:09:17 SendBufferToWorker fail. The connections between Gateway and BusinessWorker are not ready
2016-07-25 11:09:17 SendBufferToWorker fail. The connections between Gateway and BusinessWorker are not ready
2016-07-25 11:09:19 SendBufferToWorker fail. The connections between Gateway and BusinessWorker are not ready
2016-07-25 11:09:19 SendBufferToWorker fail. The connections between Gateway and BusinessWorker are not ready
2016-07-25 11:09:20 SendBufferToWorker fail. The connections between Gateway and BusinessWorker are not ready
2016-07-25 11:09:20 SendBufferToWorker fail. The connections between Gateway and BusinessWorker are not ready
2016-07-25 11:09:21 SendBufferToWorker fail. The connections between Gateway and BusinessWorker are not ready
2016-07-25 11:09:21 SendBufferToWorker fail. The connections between Gateway and BusinessWorker are not ready
2016-07-25 11:09:22 SendBufferToWorker fail. The connections between Gateway and BusinessWorker are not ready
2016-07-25 11:09:22 SendBufferToWorker fail. The connections between Gateway and BusinessWorker are not ready
2016-07-25 11:09:24 SendBufferToWorker fail. The connections between Gateway and BusinessWorker are not ready
2016-07-25 11:09:24 SendBufferToWorker fail. The connections between Gateway and BusinessWorker are not ready
2016-07-25 11:09:26 SendBufferToWorker fail. The connections between Gateway and BusinessWorker are not ready
2016-07-25 11:09:26 SendBufferToWorker fail. The connections between Gateway and BusinessWorker are not ready
2016-07-25 11:09:28 SendBufferToWorker fail. The connections between Gateway and BusinessWorker are not ready
2016-07-25 11:09:28 SendBufferToWorker fail. The connections between Gateway and BusinessWorker are not ready
2016-07-25 11:09:29 SendBufferToWorker fail. The connections between Gateway and BusinessWorker are not ready
2016-07-25 11:09:29 SendBufferToWorker fail. The connections between Gateway and BusinessWorker are not ready
2016-07-25 11:09:30 SendBufferToWorker fail. The connections between Gateway and BusinessWorker are not ready
2016-07-25 11:09:30 SendBufferToWorker fail. The connections between Gateway and BusinessWorker are not ready
2016-07-25 11:09:32 SendBufferToWorker fail. The connections between Gateway and BusinessWorker are not ready
2016-07-25 11:09:32 SendBufferToWorker fail. The connections between Gateway and BusinessWorker are not ready
2016-07-25 11:09:34 SendBufferToWorker fail. The connections between Gateway and BusinessWorker are not ready
2016-07-25 11:09:34 SendBufferToWorker fail. The connections between Gateway and BusinessWorker are not ready
2016-07-25 11:09:37 SendBufferToWorker fail. The connections between Gateway and BusinessWorker are not ready
2016-07-25 11:09:37 SendBufferToWorker fail. The connections between Gateway and BusinessWorker are not ready
2016-07-25 11:09:38 SendBufferToWorker fail. The connections between Gateway and BusinessWorker are not ready
2016-07-25 11:09:38 SendBufferToWorker fail. The connections between Gateway and BusinessWorker are not ready
2016-07-25 11:10:00 SendBufferToWorker fail. The connections between Gateway and BusinessWorker are not ready
2016-07-25 11:10:00 SendBufferToWorker fail. The connections between Gateway and BusinessWorker are not ready
2016-07-25 11:10:00 SendBufferToWorker fail. The connections between Gateway and BusinessWorker are not ready
2016-07-25 11:10:00 SendBufferToWorker fail. The connections between Gateway and BusinessWorker are not ready
2016-07-25 11:10:01 SendBufferToWorker fail. The connections between Gateway and BusinessWorker are not ready
2016-07-25 11:10:01 SendBufferToWorker fail. The connections between Gateway and BusinessWorker are not ready
2016-07-25 11:10:02 SendBufferToWorker fail. The connections between Gateway and BusinessWorker are not ready
2016-07-25 11:10:02 SendBufferToWorker fail. The connections between Gateway and BusinessWorker are not ready
2016-07-25 11:10:04 SendBufferToWorker fail. The connections between Gateway and BusinessWorker are not ready
2016-07-25 11:10:04 SendBufferToWorker fail. The connections between Gateway and BusinessWorker are not ready
2016-07-25 11:10:06 SendBufferToWorker fail. The connections between Gateway and BusinessWorker are not ready
2016-07-25 11:10:06 SendBufferToWorker fail. The connections between Gateway and BusinessWorker are not ready
2016-07-25 11:10:07 SendBufferToWorker fail. The connections between Gateway and BusinessWorker are not ready
2016-07-25 11:10:07 SendBufferToWorker fail. The connections between Gateway and BusinessWorker are not ready
2016-07-25 11:10:08 SendBufferToWorker fail. The connections between Gateway and BusinessWorker are not ready
2016-07-25 11:10:08 SendBufferToWorker fail. The connections between Gateway and BusinessWorker are not ready
2016-07-25 11:10:10 SendBufferToWorker fail. The connections between Gateway and BusinessWorker are not ready
2016-07-25 11:10:10 SendBufferToWorker fail. The connections between Gateway and BusinessWorker are not ready
2016-07-25 11:10:11 SendBufferToWorker fail. The connections between Gateway and BusinessWorker are not ready
2016-07-25 11:10:11 SendBufferToWorker fail. The connections between Gateway and BusinessWorker are not ready
2016-07-25 11:10:12 SendBufferToWorker fail. The connections between Gateway and BusinessWorker are not ready
2016-07-25 11:10:12 SendBufferToWorker fail. The connections between Gateway and BusinessWorker are not ready
2016-07-25 11:10:14 SendBufferToWorker fail. The connections between Gateway and BusinessWorker are not ready
2016-07-25 11:10:14 SendBufferToWorker fail. The connections between Gateway and BusinessWorker are not ready
2016-07-25 11:10:15 SendBufferToWorker fail. The connections between Gateway and BusinessWorker are not ready
2016-07-25 11:10:15 SendBufferToWorker fail. The connections between Gateway and BusinessWorker are not ready
2016-07-25 11:10:17 SendBufferToWorker fail. The connections between Gateway and BusinessWorker are not ready
2016-07-25 11:10:17 SendBufferToWorker fail. The connections between Gateway and BusinessWorker are not ready
2016-07-25 11:10:17 SendBufferToWorker fail. The connections between Gateway and BusinessWorker are not ready
2016-07-25 11:10:17 SendBufferToWorker fail. The connections between Gateway and BusinessWorker are not ready
2016-07-25 11:10:19 SendBufferToWorker fail. The connections between Gateway and BusinessWorker are not ready
2016-07-25 11:10:19 SendBufferToWorker fail. The connections between Gateway and BusinessWorker are not ready
2016-07-25 11:10:21 SendBufferToWorker fail. The connections between Gateway and BusinessWorker are not ready
2016-07-25 11:10:21 SendBufferToWorker fail. The connections between Gateway and BusinessWorker are not ready
2016-07-25 11:10:21 SendBufferToWorker fail. The connections between Gateway and BusinessWorker are not ready
2016-07-25 11:10:21 SendBufferToWorker fail. The connections between Gateway and BusinessWorker are not ready
2016-07-25 11:10:22 SendBufferToWorker fail. The connections between Gateway and BusinessWorker are not ready
2016-07-25 11:10:22 SendBufferToWorker fail. The connections between Gateway and BusinessWorker are not ready
2016-07-25 11:10:24 SendBufferToWorker fail. The connections between Gateway and BusinessWorker are not ready
2016-07-25 11:10:24 SendBufferToWorker fail. The connections between Gateway and BusinessWorker are not ready
2016-07-25 11:10:25 SendBufferToWorker fail. The connections between Gateway and BusinessWorker are not ready
2016-07-25 11:10:25 SendBufferToWorker fail. The connections between Gateway and BusinessWorker are not ready
2016-07-25 11:10:28 SendBufferToWorker fail. The connections between Gateway and BusinessWorker are not ready
2016-07-25 11:10:28 SendBufferToWorker fail. The connections between Gateway and BusinessWorker are not ready
2016-07-25 11:10:29 SendBufferToWorker fail. The connections between Gateway and BusinessWorker are not ready
2016-07-25 11:10:29 SendBufferToWorker fail. The connections between Gateway and BusinessWorker are not ready
2016-07-25 11:10:31 SendBufferToWorker fail. The connections between Gateway and BusinessWorker are not ready
2016-07-25 11:10:31 SendBufferToWorker fail. The connections between Gateway and BusinessWorker are not ready
2016-07-25 11:10:32 SendBufferToWorker fail. The connections between Gateway and BusinessWorker are not ready
2016-07-25 11:10:32 SendBufferToWorker fail. The connections between Gateway and BusinessWorker are not ready
2016-07-25 11:10:35 SendBufferToWorker fail. The connections between Gateway and BusinessWorker are not ready
2016-07-25 11:10:36 SendBufferToWorker fail. The connections between Gateway and BusinessWorker are not ready
2016-07-25 14:34:16 SendBufferToWorker fail. The connections between Gateway and BusinessWorker are not ready
2016-07-25 14:34:16 SendBufferToWorker fail. The connections between Gateway and BusinessWorker are not ready
2016-07-25 14:34:17 SendBufferToWorker fail. The connections between Gateway and BusinessWorker are not ready
2016-07-25 14:34:17 SendBufferToWorker fail. The connections between Gateway and BusinessWorker are not ready
2016-07-25 14:34:18 SendBufferToWorker fail. The connections between Gateway and BusinessWorker are not ready
2016-07-25 14:34:18 SendBufferToWorker fail. The connections between Gateway and BusinessWorker are not ready
2016-07-25 14:34:20 SendBufferToWorker fail. The connections between Gateway and BusinessWorker are not ready
2016-07-25 14:34:20 SendBufferToWorker fail. The connections between Gateway and BusinessWorker are not ready
2016-07-25 14:34:21 SendBufferToWorker fail. The connections between Gateway and BusinessWorker are not ready
2016-07-25 14:34:21 SendBufferToWorker fail. The connections between Gateway and BusinessWorker are not ready
2016-07-25 14:34:22 SendBufferToWorker fail. The connections between Gateway and BusinessWorker are not ready
2016-07-25 14:34:22 SendBufferToWorker fail. The connections between Gateway and BusinessWorker are not ready
2016-07-25 14:34:24 SendBufferToWorker fail. The connections between Gateway and BusinessWorker are not ready
2016-07-25 14:34:24 SendBufferToWorker fail. The connections between Gateway and BusinessWorker are not ready
2016-07-25 14:34:25 SendBufferToWorker fail. The connections between Gateway and BusinessWorker are not ready
2016-07-25 14:34:25 SendBufferToWorker fail. The connections between Gateway and BusinessWorker are not ready
2016-07-25 14:34:28 SendBufferToWorker fail. The connections between Gateway and BusinessWorker are not ready
2016-07-25 14:34:28 SendBufferToWorker fail. The connections between Gateway and BusinessWorker are not ready
2016-07-25 14:34:29 SendBufferToWorker fail. The connections between Gateway and BusinessWorker are not ready
2016-07-25 14:34:29 SendBufferToWorker fail. The connections between Gateway and BusinessWorker are not ready
2016-07-25 14:34:30 SendBufferToWorker fail. The connections between Gateway and BusinessWorker are not ready
2016-07-25 14:34:30 SendBufferToWorker fail. The connections between Gateway and BusinessWorker are not ready
2016-07-25 14:34:31 SendBufferToWorker fail. The connections between Gateway and BusinessWorker are not ready
2016-07-25 14:34:31 SendBufferToWorker fail. The connections between Gateway and BusinessWorker are not ready
2016-07-25 14:34:31 SendBufferToWorker fail. The connections between Gateway and BusinessWorker are not ready
2016-07-25 14:34:31 SendBufferToWorker fail. The connections between Gateway and BusinessWorker are not ready
2016-07-25 14:34:33 SendBufferToWorker fail. The connections between Gateway and BusinessWorker are not ready
2016-07-25 14:34:33 SendBufferToWorker fail. The connections between Gateway and BusinessWorker are not ready
2016-07-25 14:34:35 SendBufferToWorker fail. The connections between Gateway and BusinessWorker are not ready
2016-07-25 14:34:35 SendBufferToWorker fail. The connections between Gateway and BusinessWorker are not ready
2016-07-25 14:34:37 SendBufferToWorker fail. The connections between Gateway and BusinessWorker are not ready
2016-07-25 14:34:37 SendBufferToWorker fail. The connections between Gateway and BusinessWorker are not ready
2016-07-25 14:34:37 SendBufferToWorker fail. The connections between Gateway and BusinessWorker are not ready
2016-07-25 14:34:37 SendBufferToWorker fail. The connections between Gateway and BusinessWorker are not ready
2016-07-25 14:34:41 SendBufferToWorker fail. The connections between Gateway and BusinessWorker are not ready
2016-07-25 14:34:41 SendBufferToWorker fail. The connections between Gateway and BusinessWorker are not ready
2016-07-25 14:34:42 SendBufferToWorker fail. The connections between Gateway and BusinessWorker are not ready
2016-07-25 14:34:42 SendBufferToWorker fail. The connections between Gateway and BusinessWorker are not ready
2016-07-25 14:34:45 SendBufferToWorker fail. The connections between Gateway and BusinessWorker are not ready
2016-07-25 14:34:45 SendBufferToWorker fail. The connections between Gateway and BusinessWorker are not ready
2016-07-25 14:34:46 SendBufferToWorker fail. The connections between Gateway and BusinessWorker are not ready
2016-07-25 14:34:46 SendBufferToWorker fail. The connections between Gateway and BusinessWorker are not ready
2016-07-25 14:34:47 SendBufferToWorker fail. The connections between Gateway and BusinessWorker are not ready
2016-07-25 14:34:47 SendBufferToWorker fail. The connections between Gateway and BusinessWorker are not ready
2016-07-25 14:34:48 SendBufferToWorker fail. The connections between Gateway and BusinessWorker are not ready
2016-07-25 14:34:48 SendBufferToWorker fail. The connections between Gateway and BusinessWorker are not ready
2016-07-25 14:34:51 SendBufferToWorker fail. The connections between Gateway and BusinessWorker are not ready
2016-07-25 14:34:51 SendBufferToWorker fail. The connections between Gateway and BusinessWorker are not ready
2016-07-25 14:34:52 SendBufferToWorker fail. The connections between Gateway and BusinessWorker are not ready
2016-07-25 14:34:52 SendBufferToWorker fail. The connections between Gateway and BusinessWorker are not ready
2016-07-25 14:34:54 SendBufferToWorker fail. The connections between Gateway and BusinessWorker are not ready
2016-07-25 14:34:54 SendBufferToWorker fail. The connections between Gateway and BusinessWorker are not ready
2016-07-25 14:34:56 SendBufferToWorker fail. The connections between Gateway and BusinessWorker are not ready
2016-07-25 14:34:56 SendBufferToWorker fail. The connections between Gateway and BusinessWorker are not ready
2016-07-25 14:34:56 SendBufferToWorker fail. The connections between Gateway and BusinessWorker are not ready
2016-07-25 14:34:56 SendBufferToWorker fail. The connections between Gateway and BusinessWorker are not ready
2016-07-25 14:34:57 SendBufferToWorker fail. The connections between Gateway and BusinessWorker are not ready
2016-07-25 14:34:57 SendBufferToWorker fail. The connections between Gateway and BusinessWorker are not ready
2016-07-25 14:34:58 SendBufferToWorker fail. The connections between Gateway and BusinessWorker are not ready
2016-07-25 14:34:58 SendBufferToWorker fail. The connections between Gateway and BusinessWorker are not ready
2016-07-25 14:35:00 SendBufferToWorker fail. The connections between Gateway and BusinessWorker are not ready
2016-07-25 14:35:00 SendBufferToWorker fail. The connections between Gateway and BusinessWorker are not ready
2016-07-25 14:35:02 SendBufferToWorker fail. The connections between Gateway and BusinessWorker are not ready
2016-07-25 14:35:02 SendBufferToWorker fail. The connections between Gateway and BusinessWorker are not ready
2016-07-25 14:35:04 SendBufferToWorker fail. The connections between Gateway and BusinessWorker are not ready
2016-07-25 14:35:04 SendBufferToWorker fail. The connections between Gateway and BusinessWorker are not ready
2016-07-25 14:35:04 SendBufferToWorker fail. The connections between Gateway and BusinessWorker are not ready
2016-07-25 14:35:04 SendBufferToWorker fail. The connections between Gateway and BusinessWorker are not ready
2016-07-25 14:35:08 SendBufferToWorker fail. The connections between Gateway and BusinessWorker are not ready
2016-07-25 14:35:08 SendBufferToWorker fail. The connections between Gateway and BusinessWorker are not ready
2016-07-25 14:35:08 SendBufferToWorker fail. The connections between Gateway and BusinessWorker are not ready
2016-07-25 14:35:08 SendBufferToWorker fail. The connections between Gateway and BusinessWorker are not ready
2016-07-25 14:35:10 SendBufferToWorker fail. The connections between Gateway and BusinessWorker are not ready
2016-07-25 14:35:10 SendBufferToWorker fail. The connections between Gateway and BusinessWorker are not ready
2016-07-25 14:35:11 SendBufferToWorker fail. The connections between Gateway and BusinessWorker are not ready
2016-07-25 14:35:11 SendBufferToWorker fail. The connections between Gateway and BusinessWorker are not ready
2016-07-25 14:35:12 SendBufferToWorker fail. The connections between Gateway and BusinessWorker are not ready
2016-07-25 14:35:12 SendBufferToWorker fail. The connections between Gateway and BusinessWorker are not ready
2016-07-25 14:35:12 SendBufferToWorker fail. The connections between Gateway and BusinessWorker are not ready
2016-07-25 14:35:12 SendBufferToWorker fail. The connections between Gateway and BusinessWorker are not ready
2016-07-25 14:35:14 SendBufferToWorker fail. The connections between Gateway and BusinessWorker are not ready
2016-07-25 14:35:14 SendBufferToWorker fail. The connections between Gateway and BusinessWorker are not ready
2016-07-25 14:35:15 SendBufferToWorker fail. The connections between Gateway and BusinessWorker are not ready
2016-07-25 14:35:15 SendBufferToWorker fail. The connections between Gateway and BusinessWorker are not ready
2016-07-25 14:35:17 SendBufferToWorker fail. The connections between Gateway and BusinessWorker are not ready
2016-07-25 14:35:17 SendBufferToWorker fail. The connections between Gateway and BusinessWorker are not ready
2016-07-25 14:35:17 SendBufferToWorker fail. The connections between Gateway and BusinessWorker are not ready
2016-07-25 14:35:17 SendBufferToWorker fail. The connections between Gateway and BusinessWorker are not ready
2016-07-25 14:35:19 SendBufferToWorker fail. The connections between Gateway and BusinessWorker are not ready
2016-07-25 14:35:19 SendBufferToWorker fail. The connections between Gateway and BusinessWorker are not ready
2016-07-25 14:35:19 SendBufferToWorker fail. The connections between Gateway and BusinessWorker are not ready
2016-07-25 14:35:19 SendBufferToWorker fail. The connections between Gateway and BusinessWorker are not ready
2016-07-25 14:35:21 SendBufferToWorker fail. The connections between Gateway and BusinessWorker are not ready
2016-07-25 14:35:21 SendBufferToWorker fail. The connections between Gateway and BusinessWorker are not ready
2016-07-25 14:35:22 SendBufferToWorker fail. The connections between Gateway and BusinessWorker are not ready
2016-07-25 14:35:22 SendBufferToWorker fail. The connections between Gateway and BusinessWorker are not ready
2016-07-25 14:35:25 SendBufferToWorker fail. The connections between Gateway and BusinessWorker are not ready
2016-07-25 14:35:25 SendBufferToWorker fail. The connections between Gateway and BusinessWorker are not ready
2016-07-25 14:35:26 SendBufferToWorker fail. The connections between Gateway and BusinessWorker are not ready
2016-07-25 14:35:26 SendBufferToWorker fail. The connections between Gateway and BusinessWorker are not ready
2016-07-25 14:35:27 SendBufferToWorker fail. The connections between Gateway and BusinessWorker are not ready
2016-07-25 14:35:27 SendBufferToWorker fail. The connections between Gateway and BusinessWorker are not ready
2016-07-25 14:35:29 SendBufferToWorker fail. The connections between Gateway and BusinessWorker are not ready
2016-07-25 14:35:29 SendBufferToWorker fail. The connections between Gateway and BusinessWorker are not ready
2016-07-25 14:35:29 SendBufferToWorker fail. The connections between Gateway and BusinessWorker are not ready
2016-07-25 14:35:29 SendBufferToWorker fail. The connections between Gateway and BusinessWorker are not ready
2016-07-25 14:35:31 SendBufferToWorker fail. The connections between Gateway and BusinessWorker are not ready
2016-07-25 14:35:31 SendBufferToWorker fail. The connections between Gateway and BusinessWorker are not ready
2016-07-25 14:35:33 SendBufferToWorker fail. The connections between Gateway and BusinessWorker are not ready
2016-07-25 14:35:33 SendBufferToWorker fail. The connections between Gateway and BusinessWorker are not ready
2016-07-25 14:35:33 SendBufferToWorker fail. The connections between Gateway and BusinessWorker are not ready
2016-07-25 14:35:33 SendBufferToWorker fail. The connections between Gateway and BusinessWorker are not ready
2016-07-25 14:35:34 SendBufferToWorker fail. The connections between Gateway and BusinessWorker are not ready
2016-07-25 14:35:34 SendBufferToWorker fail. The connections between Gateway and BusinessWorker are not ready
2016-07-25 14:35:35 SendBufferToWorker fail. The connections between Gateway and BusinessWorker are not ready
2016-07-25 14:35:35 SendBufferToWorker fail. The connections between Gateway and BusinessWorker are not ready
2016-07-25 14:35:36 SendBufferToWorker fail. The connections between Gateway and BusinessWorker are not ready
2016-07-25 14:35:36 SendBufferToWorker fail. The connections between Gateway and BusinessWorker are not ready
2016-07-25 14:35:37 SendBufferToWorker fail. The connections between Gateway and BusinessWorker are not ready
2016-07-25 14:35:37 SendBufferToWorker fail. The connections between Gateway and BusinessWorker are not ready
2016-07-25 14:35:39 SendBufferToWorker fail. The connections between Gateway and BusinessWorker are not ready
2016-07-25 14:35:39 SendBufferToWorker fail. The connections between Gateway and BusinessWorker are not ready
2016-07-25 14:35:39 SendBufferToWorker fail. The connections between Gateway and BusinessWorker are not ready
2016-07-25 14:35:39 SendBufferToWorker fail. The connections between Gateway and BusinessWorker are not ready
2016-07-25 14:35:41 SendBufferToWorker fail. The connections between Gateway and BusinessWorker are not ready
2016-07-25 14:35:41 SendBufferToWorker fail. The connections between Gateway and BusinessWorker are not ready
2016-07-25 14:42:10 SendBufferToWorker fail. The connections between Gateway and BusinessWorker are not ready
2016-07-25 14:42:10 SendBufferToWorker fail. The connections between Gateway and BusinessWorker are not ready
2016-07-25 14:42:12 SendBufferToWorker fail. The connections between Gateway and BusinessWorker are not ready
2016-07-25 14:42:12 SendBufferToWorker fail. The connections between Gateway and BusinessWorker are not ready
2016-07-25 14:42:14 SendBufferToWorker fail. The connections between Gateway and BusinessWorker are not ready
2016-07-25 14:42:14 SendBufferToWorker fail. The connections between Gateway and BusinessWorker are not ready
2016-07-25 14:42:14 SendBufferToWorker fail. The connections between Gateway and BusinessWorker are not ready
2016-07-25 14:42:14 SendBufferToWorker fail. The connections between Gateway and BusinessWorker are not ready
2016-07-25 14:42:16 SendBufferToWorker fail. The connections between Gateway and BusinessWorker are not ready
2016-07-25 14:42:16 SendBufferToWorker fail. The connections between Gateway and BusinessWorker are not ready
2016-07-25 14:42:16 SendBufferToWorker fail. The connections between Gateway and BusinessWorker are not ready
2016-07-25 14:42:16 SendBufferToWorker fail. The connections between Gateway and BusinessWorker are not ready
2016-07-25 14:42:17 SendBufferToWorker fail. The connections between Gateway and BusinessWorker are not ready
2016-07-25 14:42:17 SendBufferToWorker fail. The connections between Gateway and BusinessWorker are not ready
2016-07-25 14:42:20 SendBufferToWorker fail. The connections between Gateway and BusinessWorker are not ready
2016-07-25 14:42:20 SendBufferToWorker fail. The connections between Gateway and BusinessWorker are not ready
2016-07-25 14:42:20 SendBufferToWorker fail. The connections between Gateway and BusinessWorker are not ready
2016-07-25 14:42:20 SendBufferToWorker fail. The connections between Gateway and BusinessWorker are not ready
2016-07-25 14:42:21 SendBufferToWorker fail. The connections between Gateway and BusinessWorker are not ready
2016-07-25 14:42:21 SendBufferToWorker fail. The connections between Gateway and BusinessWorker are not ready
2016-07-25 14:42:22 SendBufferToWorker fail. The connections between Gateway and BusinessWorker are not ready
2016-07-25 14:42:22 SendBufferToWorker fail. The connections between Gateway and BusinessWorker are not ready
2016-07-25 14:42:26 SendBufferToWorker fail. The connections between Gateway and BusinessWorker are not ready
2016-07-25 14:42:26 SendBufferToWorker fail. The connections between Gateway and BusinessWorker are not ready
2016-07-25 14:42:26 SendBufferToWorker fail. The connections between Gateway and BusinessWorker are not ready
2016-07-25 14:42:26 SendBufferToWorker fail. The connections between Gateway and BusinessWorker are not ready
2016-07-25 14:42:30 SendBufferToWorker fail. The connections between Gateway and BusinessWorker are not ready
2016-07-25 14:42:30 SendBufferToWorker fail. The connections between Gateway and BusinessWorker are not ready
2016-07-25 14:42:31 SendBufferToWorker fail. The connections between Gateway and BusinessWorker are not ready
2016-07-25 14:42:31 SendBufferToWorker fail. The connections between Gateway and BusinessWorker are not ready
2016-07-25 14:42:32 SendBufferToWorker fail. The connections between Gateway and BusinessWorker are not ready
2016-07-25 14:42:32 SendBufferToWorker fail. The connections between Gateway and BusinessWorker are not ready
2016-07-25 14:42:35 SendBufferToWorker fail. The connections between Gateway and BusinessWorker are not ready
2016-07-25 14:42:35 SendBufferToWorker fail. The connections between Gateway and BusinessWorker are not ready
2016-07-25 14:42:36 SendBufferToWorker fail. The connections between Gateway and BusinessWorker are not ready
2016-07-25 14:42:36 SendBufferToWorker fail. The connections between Gateway and BusinessWorker are not ready
2016-07-25 14:42:38 SendBufferToWorker fail. The connections between Gateway and BusinessWorker are not ready
2016-07-25 14:42:38 SendBufferToWorker fail. The connections between Gateway and BusinessWorker are not ready
2016-07-25 14:42:39 SendBufferToWorker fail. The connections between Gateway and BusinessWorker are not ready
2016-07-25 14:42:39 SendBufferToWorker fail. The connections between Gateway and BusinessWorker are not ready
2016-07-25 14:42:41 SendBufferToWorker fail. The connections between Gateway and BusinessWorker are not ready
2016-07-25 14:42:41 SendBufferToWorker fail. The connections between Gateway and BusinessWorker are not ready
2016-07-25 14:42:41 SendBufferToWorker fail. The connections between Gateway and BusinessWorker are not ready
2016-07-25 14:42:41 SendBufferToWorker fail. The connections between Gateway and BusinessWorker are not ready
2016-07-25 14:42:44 SendBufferToWorker fail. The connections between Gateway and BusinessWorker are not ready
2016-07-25 14:42:44 SendBufferToWorker fail. The connections between Gateway and BusinessWorker are not ready
2016-07-25 14:42:46 SendBufferToWorker fail. The connections between Gateway and BusinessWorker are not ready
2016-07-25 14:42:46 SendBufferToWorker fail. The connections between Gateway and BusinessWorker are not ready
2016-07-25 14:42:46 SendBufferToWorker fail. The connections between Gateway and BusinessWorker are not ready
2016-07-25 14:42:46 SendBufferToWorker fail. The connections between Gateway and BusinessWorker are not ready
2016-07-25 14:42:49 SendBufferToWorker fail. The connections between Gateway and BusinessWorker are not ready
2016-07-25 14:42:49 SendBufferToWorker fail. The connections between Gateway and BusinessWorker are not ready
2016-07-25 14:42:50 SendBufferToWorker fail. The connections between Gateway and BusinessWorker are not ready
2016-07-25 14:42:50 SendBufferToWorker fail. The connections between Gateway and BusinessWorker are not ready
2016-07-25 14:42:51 SendBufferToWorker fail. The connections between Gateway and BusinessWorker are not ready
2016-07-25 14:42:51 SendBufferToWorker fail. The connections between Gateway and BusinessWorker are not ready
2016-07-25 14:42:51 SendBufferToWorker fail. The connections between Gateway and BusinessWorker are not ready
2016-07-25 14:42:51 SendBufferToWorker fail. The connections between Gateway and BusinessWorker are not ready
2016-07-25 14:42:53 SendBufferToWorker fail. The connections between Gateway and BusinessWorker are not ready
2016-07-25 14:42:53 SendBufferToWorker fail. The connections between Gateway and BusinessWorker are not ready
2016-07-25 14:42:54 SendBufferToWorker fail. The connections between Gateway and BusinessWorker are not ready
2016-07-25 14:42:54 SendBufferToWorker fail. The connections between Gateway and BusinessWorker are not ready
2016-07-25 14:42:57 SendBufferToWorker fail. The connections between Gateway and BusinessWorker are not ready
2016-07-25 14:42:57 SendBufferToWorker fail. The connections between Gateway and BusinessWorker are not ready
2016-07-25 14:42:57 SendBufferToWorker fail. The connections between Gateway and BusinessWorker are not ready
2016-07-25 14:42:57 SendBufferToWorker fail. The connections between Gateway and BusinessWorker are not ready
2016-07-25 14:42:58 SendBufferToWorker fail. The connections between Gateway and BusinessWorker are not ready
2016-07-25 14:42:58 SendBufferToWorker fail. The connections between Gateway and BusinessWorker are not ready
2016-07-25 14:42:59 SendBufferToWorker fail. The connections between Gateway and BusinessWorker are not ready
2016-07-25 14:42:59 SendBufferToWorker fail. The connections between Gateway and BusinessWorker are not ready
2016-07-25 14:43:02 SendBufferToWorker fail. The connections between Gateway and BusinessWorker are not ready
2016-07-25 14:43:02 SendBufferToWorker fail. The connections between Gateway and BusinessWorker are not ready
2016-07-25 14:43:03 SendBufferToWorker fail. The connections between Gateway and BusinessWorker are not ready
2016-07-25 14:43:03 SendBufferToWorker fail. The connections between Gateway and BusinessWorker are not ready
2016-07-25 14:43:04 SendBufferToWorker fail. The connections between Gateway and BusinessWorker are not ready
2016-07-25 14:43:04 SendBufferToWorker fail. The connections between Gateway and BusinessWorker are not ready
2016-07-25 14:43:05 SendBufferToWorker fail. The connections between Gateway and BusinessWorker are not ready
2016-07-25 14:43:05 SendBufferToWorker fail. The connections between Gateway and BusinessWorker are not ready
2016-07-25 14:43:07 SendBufferToWorker fail. The connections between Gateway and BusinessWorker are not ready
2016-07-25 14:43:07 SendBufferToWorker fail. The connections between Gateway and BusinessWorker are not ready
2016-07-25 17:18:31 SendBufferToWorker fail. The connections between Gateway and BusinessWorker are not ready
2016-07-25 17:18:31 SendBufferToWorker fail. The connections between Gateway and BusinessWorker are not ready
2016-07-25 17:18:31 SendBufferToWorker fail. The connections between Gateway and BusinessWorker are not ready
2016-07-25 17:18:31 SendBufferToWorker fail. The connections between Gateway and BusinessWorker are not ready
2016-07-25 17:18:32 SendBufferToWorker fail. The connections between Gateway and BusinessWorker are not ready
2016-07-25 17:18:32 SendBufferToWorker fail. The connections between Gateway and BusinessWorker are not ready
2016-07-25 17:18:32 SendBufferToWorker fail. The connections between Gateway and BusinessWorker are not ready
2016-07-25 17:18:32 SendBufferToWorker fail. The connections between Gateway and BusinessWorker are not ready
2016-07-25 17:18:34 SendBufferToWorker fail. The connections between Gateway and BusinessWorker are not ready
2016-07-25 17:18:34 SendBufferToWorker fail. The connections between Gateway and BusinessWorker are not ready
2016-07-25 17:18:36 SendBufferToWorker fail. The connections between Gateway and BusinessWorker are not ready
2016-07-25 17:18:36 SendBufferToWorker fail. The connections between Gateway and BusinessWorker are not ready
2016-07-25 17:18:36 SendBufferToWorker fail. The connections between Gateway and BusinessWorker are not ready
2016-07-25 17:18:36 SendBufferToWorker fail. The connections between Gateway and BusinessWorker are not ready
2016-07-25 17:18:38 SendBufferToWorker fail. The connections between Gateway and BusinessWorker are not ready
2016-07-25 17:18:38 SendBufferToWorker fail. The connections between Gateway and BusinessWorker are not ready
2016-07-25 17:18:39 SendBufferToWorker fail. The connections between Gateway and BusinessWorker are not ready
2016-07-25 17:18:39 SendBufferToWorker fail. The connections between Gateway and BusinessWorker are not ready
2016-07-25 17:18:41 SendBufferToWorker fail. The connections between Gateway and BusinessWorker are not ready
2016-07-25 17:18:41 SendBufferToWorker fail. The connections between Gateway and BusinessWorker are not ready
2016-07-25 17:18:42 SendBufferToWorker fail. The connections between Gateway and BusinessWorker are not ready
2016-07-25 17:18:42 SendBufferToWorker fail. The connections between Gateway and BusinessWorker are not ready
2016-07-25 17:18:44 SendBufferToWorker fail. The connections between Gateway and BusinessWorker are not ready
2016-07-25 17:18:44 SendBufferToWorker fail. The connections between Gateway and BusinessWorker are not ready
2016-07-25 17:18:44 SendBufferToWorker fail. The connections between Gateway and BusinessWorker are not ready
2016-07-25 17:18:44 SendBufferToWorker fail. The connections between Gateway and BusinessWorker are not ready
2016-07-25 17:18:46 SendBufferToWorker fail. The connections between Gateway and BusinessWorker are not ready
2016-07-25 17:18:46 SendBufferToWorker fail. The connections between Gateway and BusinessWorker are not ready
2016-07-25 17:18:48 SendBufferToWorker fail. The connections between Gateway and BusinessWorker are not ready
2016-07-25 17:18:48 SendBufferToWorker fail. The connections between Gateway and BusinessWorker are not ready
2016-07-25 17:18:49 SendBufferToWorker fail. The connections between Gateway and BusinessWorker are not ready
2016-07-25 17:18:49 SendBufferToWorker fail. The connections between Gateway and BusinessWorker are not ready
2016-07-25 17:18:50 SendBufferToWorker fail. The connections between Gateway and BusinessWorker are not ready
2016-07-25 17:18:50 SendBufferToWorker fail. The connections between Gateway and BusinessWorker are not ready
2016-07-25 17:18:51 SendBufferToWorker fail. The connections between Gateway and BusinessWorker are not ready
2016-07-25 17:18:51 SendBufferToWorker fail. The connections between Gateway and BusinessWorker are not ready
2016-07-25 17:18:52 SendBufferToWorker fail. The connections between Gateway and BusinessWorker are not ready
2016-07-25 17:18:52 SendBufferToWorker fail. The connections between Gateway and BusinessWorker are not ready
2016-07-25 17:18:53 SendBufferToWorker fail. The connections between Gateway and BusinessWorker are not ready
2016-07-25 17:18:53 SendBufferToWorker fail. The connections between Gateway and BusinessWorker are not ready
2016-07-25 17:18:56 SendBufferToWorker fail. The connections between Gateway and BusinessWorker are not ready
2016-07-25 17:18:56 SendBufferToWorker fail. The connections between Gateway and BusinessWorker are not ready
2016-07-25 17:18:57 SendBufferToWorker fail. The connections between Gateway and BusinessWorker are not ready
2016-07-25 17:18:57 SendBufferToWorker fail. The connections between Gateway and BusinessWorker are not ready
2016-07-25 17:19:00 SendBufferToWorker fail. The connections between Gateway and BusinessWorker are not ready
2016-07-25 17:19:00 SendBufferToWorker fail. The connections between Gateway and BusinessWorker are not ready
2016-07-25 17:19:01 SendBufferToWorker fail. The connections between Gateway and BusinessWorker are not ready
2016-07-25 17:19:01 SendBufferToWorker fail. The connections between Gateway and BusinessWorker are not ready
2016-07-25 17:19:04 SendBufferToWorker fail. The connections between Gateway and BusinessWorker are not ready
2016-07-25 17:19:04 SendBufferToWorker fail. The connections between Gateway and BusinessWorker are not ready
2016-07-25 17:19:05 SendBufferToWorker fail. The connections between Gateway and BusinessWorker are not ready
2016-07-25 17:19:05 SendBufferToWorker fail. The connections between Gateway and BusinessWorker are not ready
2016-07-25 17:19:06 SendBufferToWorker fail. The connections between Gateway and BusinessWorker are not ready
2016-07-25 17:19:06 SendBufferToWorker fail. The connections between Gateway and BusinessWorker are not ready
2016-07-25 17:19:09 SendBufferToWorker fail. The connections between Gateway and BusinessWorker are not ready
2016-07-25 17:19:09 SendBufferToWorker fail. The connections between Gateway and BusinessWorker are not ready
2016-07-25 17:19:10 SendBufferToWorker fail. The connections between Gateway and BusinessWorker are not ready
2016-07-25 17:19:10 SendBufferToWorker fail. The connections between Gateway and BusinessWorker are not ready
2016-07-25 17:19:11 SendBufferToWorker fail. The connections between Gateway and BusinessWorker are not ready
2016-07-25 17:19:11 SendBufferToWorker fail. The connections between Gateway and BusinessWorker are not ready
2016-07-25 17:19:14 SendBufferToWorker fail. The connections between Gateway and BusinessWorker are not ready
2016-07-25 17:19:14 SendBufferToWorker fail. The connections between Gateway and BusinessWorker are not ready
2016-07-25 17:19:15 SendBufferToWorker fail. The connections between Gateway and BusinessWorker are not ready
2016-07-25 17:19:15 SendBufferToWorker fail. The connections between Gateway and BusinessWorker are not ready
2016-07-25 17:19:16 SendBufferToWorker fail. The connections between Gateway and BusinessWorker are not ready
2016-07-25 17:19:16 SendBufferToWorker fail. The connections between Gateway and BusinessWorker are not ready
2016-07-25 17:19:18 SendBufferToWorker fail. The connections between Gateway and BusinessWorker are not ready
2016-07-25 17:19:18 SendBufferToWorker fail. The connections between Gateway and BusinessWorker are not ready
2016-07-25 17:19:19 SendBufferToWorker fail. The connections between Gateway and BusinessWorker are not ready
2016-07-25 17:19:19 SendBufferToWorker fail. The connections between Gateway and BusinessWorker are not ready
2016-07-25 17:19:20 SendBufferToWorker fail. The connections between Gateway and BusinessWorker are not ready
2016-07-25 17:19:20 SendBufferToWorker fail. The connections between Gateway and BusinessWorker are not ready
2016-07-25 17:19:22 SendBufferToWorker fail. The connections between Gateway and BusinessWorker are not ready
2016-07-25 17:19:22 SendBufferToWorker fail. The connections between Gateway and BusinessWorker are not ready
2016-07-25 17:19:22 SendBufferToWorker fail. The connections between Gateway and BusinessWorker are not ready
2016-07-25 17:19:22 SendBufferToWorker fail. The connections between Gateway and BusinessWorker are not ready
2016-07-25 17:19:23 SendBufferToWorker fail. The connections between Gateway and BusinessWorker are not ready
2016-07-25 17:19:23 SendBufferToWorker fail. The connections between Gateway and BusinessWorker are not ready
2016-07-25 17:19:25 SendBufferToWorker fail. The connections between Gateway and BusinessWorker are not ready
2016-07-25 17:19:25 SendBufferToWorker fail. The connections between Gateway and BusinessWorker are not ready
2016-07-25 17:19:26 SendBufferToWorker fail. The connections between Gateway and BusinessWorker are not ready
2016-07-25 17:19:26 SendBufferToWorker fail. The connections between Gateway and BusinessWorker are not ready
2016-07-25 17:19:27 SendBufferToWorker fail. The connections between Gateway and BusinessWorker are not ready
2016-07-25 17:19:27 SendBufferToWorker fail. The connections between Gateway and BusinessWorker are not ready
2016-07-25 17:19:28 SendBufferToWorker fail. The connections between Gateway and BusinessWorker are not ready
2016-07-25 17:19:28 SendBufferToWorker fail. The connections between Gateway and BusinessWorker are not ready
2016-07-25 17:19:31 SendBufferToWorker fail. The connections between Gateway and BusinessWorker are not ready
2016-07-25 17:19:31 SendBufferToWorker fail. The connections between Gateway and BusinessWorker are not ready
2016-07-25 17:19:32 SendBufferToWorker fail. The connections between Gateway and BusinessWorker are not ready
2016-07-25 17:19:32 SendBufferToWorker fail. The connections between Gateway and BusinessWorker are not ready
2016-07-25 17:19:35 SendBufferToWorker fail. The connections between Gateway and BusinessWorker are not ready
2016-07-25 17:19:35 SendBufferToWorker fail. The connections between Gateway and BusinessWorker are not ready
2016-07-25 17:19:36 SendBufferToWorker fail. The connections between Gateway and BusinessWorker are not ready
2016-07-25 17:19:36 SendBufferToWorker fail. The connections between Gateway and BusinessWorker are not ready
2016-07-25 17:19:37 SendBufferToWorker fail. The connections between Gateway and BusinessWorker are not ready
2016-07-25 17:19:37 SendBufferToWorker fail. The connections between Gateway and BusinessWorker are not ready
2016-07-25 17:19:39 SendBufferToWorker fail. The connections between Gateway and BusinessWorker are not ready
2016-07-25 17:19:39 SendBufferToWorker fail. The connections between Gateway and BusinessWorker are not ready
2016-07-25 17:19:41 SendBufferToWorker fail. The connections between Gateway and BusinessWorker are not ready
2016-07-25 17:19:41 SendBufferToWorker fail. The connections between Gateway and BusinessWorker are not ready
2016-07-25 17:19:41 SendBufferToWorker fail. The connections between Gateway and BusinessWorker are not ready
2016-07-25 17:19:41 SendBufferToWorker fail. The connections between Gateway and BusinessWorker are not ready
2016-07-25 17:19:43 SendBufferToWorker fail. The connections between Gateway and BusinessWorker are not ready
2016-07-25 17:19:43 SendBufferToWorker fail. The connections between Gateway and BusinessWorker are not ready
2016-07-25 17:19:44 SendBufferToWorker fail. The connections between Gateway and BusinessWorker are not ready
2016-07-25 17:19:44 SendBufferToWorker fail. The connections between Gateway and BusinessWorker are not ready
2016-07-25 17:19:45 SendBufferToWorker fail. The connections between Gateway and BusinessWorker are not ready
2016-07-25 17:19:45 SendBufferToWorker fail. The connections between Gateway and BusinessWorker are not ready
2016-07-25 17:19:46 SendBufferToWorker fail. The connections between Gateway and BusinessWorker are not ready
2016-07-25 17:19:46 SendBufferToWorker fail. The connections between Gateway and BusinessWorker are not ready
2016-07-25 17:19:47 SendBufferToWorker fail. The connections between Gateway and BusinessWorker are not ready
2016-07-25 17:19:47 SendBufferToWorker fail. The connections between Gateway and BusinessWorker are not ready
2016-07-25 17:19:50 SendBufferToWorker fail. The connections between Gateway and BusinessWorker are not ready
2016-07-25 17:19:50 SendBufferToWorker fail. The connections between Gateway and BusinessWorker are not ready
2016-07-25 17:19:51 SendBufferToWorker fail. The connections between Gateway and BusinessWorker are not ready
2016-07-25 17:19:51 SendBufferToWorker fail. The connections between Gateway and BusinessWorker are not ready
2016-07-25 17:19:52 SendBufferToWorker fail. The connections between Gateway and BusinessWorker are not ready
2016-07-25 17:19:52 SendBufferToWorker fail. The connections between Gateway and BusinessWorker are not ready
2016-07-25 17:19:53 SendBufferToWorker fail. The connections between Gateway and BusinessWorker are not ready
2016-07-25 17:19:53 SendBufferToWorker fail. The connections between Gateway and BusinessWorker are not ready
2016-07-25 17:19:54 SendBufferToWorker fail. The connections between Gateway and BusinessWorker are not ready
2016-07-25 17:19:54 SendBufferToWorker fail. The connections between Gateway and BusinessWorker are not ready
2016-07-25 17:19:55 SendBufferToWorker fail. The connections between Gateway and BusinessWorker are not ready
2016-07-25 17:19:55 SendBufferToWorker fail. The connections between Gateway and BusinessWorker are not ready
2016-07-25 17:19:56 SendBufferToWorker fail. The connections between Gateway and BusinessWorker are not ready
2016-07-25 17:19:56 SendBufferToWorker fail. The connections between Gateway and BusinessWorker are not ready
2016-07-25 17:19:58 SendBufferToWorker fail. The connections between Gateway and BusinessWorker are not ready
2016-07-25 17:19:58 SendBufferToWorker fail. The connections between Gateway and BusinessWorker are not ready
2016-07-25 17:19:58 SendBufferToWorker fail. The connections between Gateway and BusinessWorker are not ready
2016-07-25 17:19:58 SendBufferToWorker fail. The connections between Gateway and BusinessWorker are not ready
2016-07-25 17:19:59 SendBufferToWorker fail. The connections between Gateway and BusinessWorker are not ready
2016-07-25 17:19:59 SendBufferToWorker fail. The connections between Gateway and BusinessWorker are not ready
2016-07-25 17:20:01 SendBufferToWorker fail. The connections between Gateway and BusinessWorker are not ready
2016-07-25 17:20:01 SendBufferToWorker fail. The connections between Gateway and BusinessWorker are not ready
2016-07-25 17:20:03 SendBufferToWorker fail. The connections between Gateway and BusinessWorker are not ready
2016-07-25 17:20:03 SendBufferToWorker fail. The connections between Gateway and BusinessWorker are not ready
2016-07-25 17:20:04 SendBufferToWorker fail. The connections between Gateway and BusinessWorker are not ready
2016-07-25 17:20:04 SendBufferToWorker fail. The connections between Gateway and BusinessWorker are not ready
2016-07-25 17:20:05 SendBufferToWorker fail. The connections between Gateway and BusinessWorker are not ready
2016-07-25 17:20:05 SendBufferToWorker fail. The connections between Gateway and BusinessWorker are not ready
2016-07-25 17:20:08 SendBufferToWorker fail. The connections between Gateway and BusinessWorker are not ready
2016-07-25 17:20:08 SendBufferToWorker fail. The connections between Gateway and BusinessWorker are not ready
2016-07-25 17:20:09 SendBufferToWorker fail. The connections between Gateway and BusinessWorker are not ready
2016-07-25 17:20:09 SendBufferToWorker fail. The connections between Gateway and BusinessWorker are not ready
2016-07-25 17:20:11 SendBufferToWorker fail. The connections between Gateway and BusinessWorker are not ready
2016-07-25 17:20:11 SendBufferToWorker fail. The connections between Gateway and BusinessWorker are not ready
2016-07-25 17:20:12 SendBufferToWorker fail. The connections between Gateway and BusinessWorker are not ready
2016-07-25 17:20:12 SendBufferToWorker fail. The connections between Gateway and BusinessWorker are not ready
2016-07-25 17:20:15 SendBufferToWorker fail. The connections between Gateway and BusinessWorker are not ready
2016-07-25 17:20:15 SendBufferToWorker fail. The connections between Gateway and BusinessWorker are not ready
2016-07-25 17:20:16 SendBufferToWorker fail. The connections between Gateway and BusinessWorker are not ready
2016-07-25 17:20:16 SendBufferToWorker fail. The connections between Gateway and BusinessWorker are not ready
2016-07-25 17:20:19 SendBufferToWorker fail. The connections between Gateway and BusinessWorker are not ready
2016-07-25 17:20:19 SendBufferToWorker fail. The connections between Gateway and BusinessWorker are not ready
2016-07-25 17:20:20 SendBufferToWorker fail. The connections between Gateway and BusinessWorker are not ready
2016-07-25 17:20:20 SendBufferToWorker fail. The connections between Gateway and BusinessWorker are not ready
2016-07-25 17:20:22 SendBufferToWorker fail. The connections between Gateway and BusinessWorker are not ready
2016-07-25 17:20:22 SendBufferToWorker fail. The connections between Gateway and BusinessWorker are not ready
2016-07-25 17:20:22 SendBufferToWorker fail. The connections between Gateway and BusinessWorker are not ready
2016-07-25 17:20:22 SendBufferToWorker fail. The connections between Gateway and BusinessWorker are not ready
2016-07-25 17:20:23 SendBufferToWorker fail. The connections between Gateway and BusinessWorker are not ready
2016-07-25 17:20:23 SendBufferToWorker fail. The connections between Gateway and BusinessWorker are not ready
2016-07-25 17:20:26 SendBufferToWorker fail. The connections between Gateway and BusinessWorker are not ready
2016-07-25 17:20:26 SendBufferToWorker fail. The connections between Gateway and BusinessWorker are not ready
2016-07-25 17:20:27 SendBufferToWorker fail. The connections between Gateway and BusinessWorker are not ready
2016-07-25 17:20:27 SendBufferToWorker fail. The connections between Gateway and BusinessWorker are not ready
2016-07-25 17:20:28 SendBufferToWorker fail. The connections between Gateway and BusinessWorker are not ready
2016-07-25 17:20:28 SendBufferToWorker fail. The connections between Gateway and BusinessWorker are not ready
2016-07-25 17:20:30 SendBufferToWorker fail. The connections between Gateway and BusinessWorker are not ready
2016-07-25 17:20:30 SendBufferToWorker fail. The connections between Gateway and BusinessWorker are not ready
2016-07-25 17:20:30 SendBufferToWorker fail. The connections between Gateway and BusinessWorker are not ready
2016-07-25 17:20:30 SendBufferToWorker fail. The connections between Gateway and BusinessWorker are not ready
2016-07-25 17:20:32 SendBufferToWorker fail. The connections between Gateway and BusinessWorker are not ready
2016-07-25 17:20:32 SendBufferToWorker fail. The connections between Gateway and BusinessWorker are not ready
2016-07-25 17:20:33 SendBufferToWorker fail. The connections between Gateway and BusinessWorker are not ready
2016-07-25 17:20:33 SendBufferToWorker fail. The connections between Gateway and BusinessWorker are not ready
2016-07-25 17:20:35 SendBufferToWorker fail. The connections between Gateway and BusinessWorker are not ready
2016-07-25 17:20:35 SendBufferToWorker fail. The connections between Gateway and BusinessWorker are not ready
2016-07-25 17:20:37 SendBufferToWorker fail. The connections between Gateway and BusinessWorker are not ready
2016-07-25 17:20:37 SendBufferToWorker fail. The connections between Gateway and BusinessWorker are not ready
2016-07-25 17:20:39 SendBufferToWorker fail. The connections between Gateway and BusinessWorker are not ready
2016-07-25 17:20:39 SendBufferToWorker fail. The connections between Gateway and BusinessWorker are not ready
2016-07-25 17:20:40 SendBufferToWorker fail. The connections between Gateway and BusinessWorker are not ready
2016-07-25 17:20:40 SendBufferToWorker fail. The connections between Gateway and BusinessWorker are not ready
2016-07-25 17:20:42 SendBufferToWorker fail. The connections between Gateway and BusinessWorker are not ready
2016-07-25 17:20:42 SendBufferToWorker fail. The connections between Gateway and BusinessWorker are not ready
2016-07-25 17:20:44 SendBufferToWorker fail. The connections between Gateway and BusinessWorker are not ready
2016-07-25 17:20:44 SendBufferToWorker fail. The connections between Gateway and BusinessWorker are not ready
2016-07-25 17:20:47 SendBufferToWorker fail. The connections between Gateway and BusinessWorker are not ready
2016-07-25 17:20:47 SendBufferToWorker fail. The connections between Gateway and BusinessWorker are not ready
2016-07-25 17:20:47 SendBufferToWorker fail. The connections between Gateway and BusinessWorker are not ready
2016-07-25 17:20:47 SendBufferToWorker fail. The connections between Gateway and BusinessWorker are not ready
2016-07-25 17:20:48 SendBufferToWorker fail. The connections between Gateway and BusinessWorker are not ready
2016-07-25 17:20:48 SendBufferToWorker fail. The connections between Gateway and BusinessWorker are not ready
2016-07-25 17:20:51 SendBufferToWorker fail. The connections between Gateway and BusinessWorker are not ready
2016-07-25 17:20:51 SendBufferToWorker fail. The connections between Gateway and BusinessWorker are not ready
2016-07-25 17:20:52 SendBufferToWorker fail. The connections between Gateway and BusinessWorker are not ready
2016-07-25 17:20:52 SendBufferToWorker fail. The connections between Gateway and BusinessWorker are not ready
2016-07-25 17:20:56 SendBufferToWorker fail. The connections between Gateway and BusinessWorker are not ready
2016-07-25 17:20:56 SendBufferToWorker fail. The connections between Gateway and BusinessWorker are not ready
2016-07-25 17:20:56 SendBufferToWorker fail. The connections between Gateway and BusinessWorker are not ready
2016-07-25 17:20:56 SendBufferToWorker fail. The connections between Gateway and BusinessWorker are not ready
2016-07-25 17:20:58 SendBufferToWorker fail. The connections between Gateway and BusinessWorker are not ready
2016-07-25 17:20:58 SendBufferToWorker fail. The connections between Gateway and BusinessWorker are not ready
2016-07-25 17:20:59 SendBufferToWorker fail. The connections between Gateway and BusinessWorker are not ready
2016-07-25 17:20:59 SendBufferToWorker fail. The connections between Gateway and BusinessWorker are not ready
2016-07-25 17:21:01 SendBufferToWorker fail. The connections between Gateway and BusinessWorker are not ready
2016-07-25 17:21:01 SendBufferToWorker fail. The connections between Gateway and BusinessWorker are not ready
2016-07-25 17:21:01 SendBufferToWorker fail. The connections between Gateway and BusinessWorker are not ready
2016-07-25 17:21:01 SendBufferToWorker fail. The connections between Gateway and BusinessWorker are not ready
2016-07-25 17:21:04 SendBufferToWorker fail. The connections between Gateway and BusinessWorker are not ready
2016-07-25 17:21:04 SendBufferToWorker fail. The connections between Gateway and BusinessWorker are not ready
2016-07-25 17:21:05 SendBufferToWorker fail. The connections between Gateway and BusinessWorker are not ready
2016-07-25 17:21:05 SendBufferToWorker fail. The connections between Gateway and BusinessWorker are not ready
2016-07-25 17:21:07 SendBufferToWorker fail. The connections between Gateway and BusinessWorker are not ready
2016-07-25 17:21:07 SendBufferToWorker fail. The connections between Gateway and BusinessWorker are not ready
2016-07-25 17:21:08 SendBufferToWorker fail. The connections between Gateway and BusinessWorker are not ready
2016-07-25 17:21:08 SendBufferToWorker fail. The connections between Gateway and BusinessWorker are not ready
2016-07-25 17:21:12 SendBufferToWorker fail. The connections between Gateway and BusinessWorker are not ready
2016-07-25 17:21:12 SendBufferToWorker fail. The connections between Gateway and BusinessWorker are not ready
2016-07-25 17:21:13 SendBufferToWorker fail. The connections between Gateway and BusinessWorker are not ready
2016-07-25 17:21:13 SendBufferToWorker fail. The connections between Gateway and BusinessWorker are not ready
2016-07-25 17:21:14 SendBufferToWorker fail. The connections between Gateway and BusinessWorker are not ready
2016-07-25 17:21:14 SendBufferToWorker fail. The connections between Gateway and BusinessWorker are not ready
2016-07-25 17:21:15 SendBufferToWorker fail. The connections between Gateway and BusinessWorker are not ready
2016-07-25 17:21:15 SendBufferToWorker fail. The connections between Gateway and BusinessWorker are not ready
2016-07-25 17:21:17 SendBufferToWorker fail. The connections between Gateway and BusinessWorker are not ready
2016-07-25 17:21:17 SendBufferToWorker fail. The connections between Gateway and BusinessWorker are not ready
2016-07-25 17:21:19 SendBufferToWorker fail. The connections between Gateway and BusinessWorker are not ready
2016-07-25 17:21:19 SendBufferToWorker fail. The connections between Gateway and BusinessWorker are not ready
2016-07-25 17:21:20 SendBufferToWorker fail. The connections between Gateway and BusinessWorker are not ready
2016-07-25 17:21:20 SendBufferToWorker fail. The connections between Gateway and BusinessWorker are not ready
2016-07-25 17:21:22 SendBufferToWorker fail. The connections between Gateway and BusinessWorker are not ready
2016-07-25 17:21:22 SendBufferToWorker fail. The connections between Gateway and BusinessWorker are not ready
2016-07-25 17:21:23 SendBufferToWorker fail. The connections between Gateway and BusinessWorker are not ready
2016-07-25 17:21:23 SendBufferToWorker fail. The connections between Gateway and BusinessWorker are not ready
2016-07-26 17:38:19 exception 'Exception' with message '$_SESSION['room_id'] not set. client_ip:127.0.0.1' in D:\phpStudy\WWW\talk\workerman-chat-for-win-master\Applications\Chat\Events.php:94
Stack trace:
#0 [internal function]: Events::onMessage('7f00000108fc000...', '{"type":"say","...')
#1 D:\phpStudy\WWW\talk\workerman-chat-for-win-master\GatewayWorker\BusinessWorker.php(360): call_user_func('Events::onMessa...', '7f00000108fc000...', '{"type":"say","...')
#2 [internal function]: GatewayWorker\BusinessWorker->onGatewayMessage(Object(Workerman\Connection\AsyncTcpConnection), Array)
#3 D:\phpStudy\WWW\talk\workerman-chat-for-win-master\Workerman\Connection\TcpConnection.php(423): call_user_func(Array, Object(Workerman\Connection\AsyncTcpConnection), Array)
#4 [internal function]: Workerman\Connection\TcpConnection->baseRead(Resource id #25)
#5 D:\phpStudy\WWW\talk\workerman-chat-for-win-master\Workerman\Events\Select.php(257): call_user_func_array(Array, Array)
#6 D:\phpStudy\WWW\talk\workerman-chat-for-win-master\Workerman\Worker.php(745): Workerman\Events\Select->loop()
#7 D:\phpStudy\WWW\talk\workerman-chat-for-win-master\GatewayWorker\BusinessWorker.php(174): Workerman\Worker->run()
#8 D:\phpStudy\WWW\talk\workerman-chat-for-win-master\Workerman\Worker.php(433): GatewayWorker\BusinessWorker->run()
#9 D:\phpStudy\WWW\talk\workerman-chat-for-win-master\Workerman\Worker.php(346): Workerman\Worker::runAllWorkers()
#10 D:\phpStudy\WWW\talk\workerman-chat-for-win-master\Applications\Chat\start_businessworker.php(34): Workerman\Worker::runAll()
#11 {main}
2016-07-26 17:38:34 exception 'Exception' with message '$_SESSION['room_id'] not set. client_ip:127.0.0.1' in D:\phpStudy\WWW\talk\workerman-chat-for-win-master\Applications\Chat\Events.php:94
Stack trace:
#0 [internal function]: Events::onMessage('7f00000108fc000...', '{"type":"say","...')
#1 D:\phpStudy\WWW\talk\workerman-chat-for-win-master\GatewayWorker\BusinessWorker.php(360): call_user_func('Events::onMessa...', '7f00000108fc000...', '{"type":"say","...')
#2 [internal function]: GatewayWorker\BusinessWorker->onGatewayMessage(Object(Workerman\Connection\AsyncTcpConnection), Array)
#3 D:\phpStudy\WWW\talk\workerman-chat-for-win-master\Workerman\Connection\TcpConnection.php(423): call_user_func(Array, Object(Workerman\Connection\AsyncTcpConnection), Array)
#4 [internal function]: Workerman\Connection\TcpConnection->baseRead(Resource id #25)
#5 D:\phpStudy\WWW\talk\workerman-chat-for-win-master\Workerman\Events\Select.php(257): call_user_func_array(Array, Array)
#6 D:\phpStudy\WWW\talk\workerman-chat-for-win-master\Workerman\Worker.php(745): Workerman\Events\Select->loop()
#7 D:\phpStudy\WWW\talk\workerman-chat-for-win-master\GatewayWorker\BusinessWorker.php(174): Workerman\Worker->run()
#8 D:\phpStudy\WWW\talk\workerman-chat-for-win-master\Workerman\Worker.php(433): GatewayWorker\BusinessWorker->run()
#9 D:\phpStudy\WWW\talk\workerman-chat-for-win-master\Workerman\Worker.php(346): Workerman\Worker::runAllWorkers()
#10 D:\phpStudy\WWW\talk\workerman-chat-for-win-master\Applications\Chat\start_businessworker.php(34): Workerman\Worker::runAll()
#11 {main}
